<?xml version="1.0" encoding="utf-8"?><testsuites name="pytest tests"><testsuite name="pytest" errors="0" failures="0" skipped="0" tests="9" time="1.569" timestamp="2026-05-07T17:58:42.314954+00:00" hostname="agent-env-bcdf9d3f-6987-44e3-bc15-a5020450709c"><testcase classname="backend.tests.test_leads_api.TestHealth" name="test_root" time="0.643" /><testcase classname="backend.tests.test_leads_api.TestLeads" name="test_create_lead" time="0.089" /><testcase classname="backend.tests.test_leads_api.TestLeads" name="test_get_lead_by_id" time="0.074" /><testcase classname="backend.tests.test_leads_api.TestLeads" name="test_list_leads_contains_created" time="0.075" /><testcase classname="backend.tests.test_leads_api.TestLeads" name="test_update_lead_status_valid" time="0.160" /><testcase classname="backend.tests.test_leads_api.TestLeads" name="test_update_lead_status_invalid" time="0.094" /><testcase classname="backend.tests.test_leads_api.TestLeads" name="test_get_missing_lead" time="0.074" /><testcase classname="backend.tests.test_leads_api.TestLeads" name="test_create_lead_validation_short_name" time="0.070" /><testcase classname="backend.tests.test_leads_api.TestLeads" name="test_create_minimal_lead" time="0.074" /></testsuite></testsuites>