<?xml version="1.0" encoding="utf-8"?><testsuites name="pytest tests"><testsuite name="pytest" errors="0" failures="0" skipped="0" tests="32" time="5.131" timestamp="2026-05-11T18:39:51.740482+00:00" hostname="agent-env-aed6f375-5e2e-4ff9-ac03-3e74b9eea76d"><testcase classname="backend.tests.test_backend_api.TestHealth" name="test_root_ok" time="0.370" /><testcase classname="backend.tests.test_backend_api.TestLeadsPublic" name="test_create_lead_minimal" time="0.054" /><testcase classname="backend.tests.test_backend_api.TestLeadsPublic" name="test_create_lead_full" time="0.047" /><testcase classname="backend.tests.test_backend_api.TestLeadsPublic" name="test_create_lead_missing_name" time="0.055" /><testcase classname="backend.tests.test_backend_api.TestLeadsPublic" name="test_create_lead_missing_phone" time="0.053" /><testcase classname="backend.tests.test_backend_api.TestLeadsPublic" name="test_create_lead_short_name" time="0.050" /><testcase classname="backend.tests.test_backend_api.TestLeadsPublic" name="test_create_lead_short_phone" time="0.050" /><testcase classname="backend.tests.test_backend_api.TestAuth" name="test_me_without_token_401" time="0.145" /><testcase classname="backend.tests.test_backend_api.TestAuth" name="test_me_with_admin_token" time="0.140" /><testcase classname="backend.tests.test_backend_api.TestAuth" name="test_me_with_nonadmin_token" time="0.210" /><testcase classname="backend.tests.test_backend_api.TestAuth" name="test_me_with_invalid_token" time="0.165" /><testcase classname="backend.tests.test_backend_api.TestAuth" name="test_logout_clears_session" time="0.501" /><testcase classname="backend.tests.test_backend_api.TestAdminLeadsList" name="test_list_without_auth_401" time="0.114" /><testcase classname="backend.tests.test_backend_api.TestAdminLeadsList" name="test_list_nonadmin_403" time="0.143" /><testcase classname="backend.tests.test_backend_api.TestAdminLeadsList" name="test_list_admin_ok" time="0.176" /><testcase classname="backend.tests.test_backend_api.TestAdminLeadsList" name="test_list_with_q_filter" time="0.115" /><testcase classname="backend.tests.test_backend_api.TestAdminLeadsList" name="test_list_with_status_filter" time="0.117" /><testcase classname="backend.tests.test_backend_api.TestAdminLeadsList" name="test_list_with_date_filter_today_inclusive" time="0.138" /><testcase classname="backend.tests.test_backend_api.TestAdminLeadsList" name="test_list_pagination" time="0.228" /><testcase classname="backend.tests.test_backend_api.TestAdminStats" name="test_stats_no_auth_401" time="0.112" /><testcase classname="backend.tests.test_backend_api.TestAdminStats" name="test_stats_nonadmin_403" time="0.145" /><testcase classname="backend.tests.test_backend_api.TestAdminStats" name="test_stats_admin_ok" time="0.115" /><testcase classname="backend.tests.test_backend_api.TestAdminMutations" name="test_patch_no_auth_401" time="0.222" /><testcase classname="backend.tests.test_backend_api.TestAdminMutations" name="test_patch_invalid_status_400" time="0.142" /><testcase classname="backend.tests.test_backend_api.TestAdminMutations" name="test_patch_status_contacted_persists" time="0.309" /><testcase classname="backend.tests.test_backend_api.TestAdminMutations" name="test_patch_status_404" time="0.127" /><testcase classname="backend.tests.test_backend_api.TestAdminMutations" name="test_delete_no_auth_401" time="0.113" /><testcase classname="backend.tests.test_backend_api.TestAdminMutations" name="test_delete_404" time="0.118" /><testcase classname="backend.tests.test_backend_api.TestAdminMutations" name="test_delete_lead" time="0.267" /><testcase classname="backend.tests.test_backend_api.TestCsvExport" name="test_csv_no_auth_401" time="0.145" /><testcase classname="backend.tests.test_backend_api.TestCsvExport" name="test_csv_nonadmin_403" time="0.181" /><testcase classname="backend.tests.test_backend_api.TestCsvExport" name="test_csv_admin_ok" time="0.116" /></testsuite></testsuites>